<?xml version="1.0" encoding="UTF-8"?>
<!-- Generated by org.testng.reporters.JUnitXMLReporter -->
<testsuite ignored="0" hostname="DESKTOP-GNDE67A" failures="8" tests="43" name="Test" time="64.676" errors="0" timestamp="2022-12-19T14:00:17 EST">
  <testcase classname="com.employeeapi.testCases.TC001_GET_AllEmployees" name="checkContentType" time="0.011"/>
  <testcase classname="com.employeeapi.testCases.TC001_GET_AllEmployees" name="checkEncoding" time="0.003"/>
  <testcase classname="com.employeeapi.testCases.TC001_GET_AllEmployees" name="checkResponseBody" time="0.09"/>
  <testcase classname="com.employeeapi.testCases.TC001_GET_AllEmployees" name="checkResponseTime" time="0.003"/>
  <testcase classname="com.employeeapi.testCases.TC001_GET_AllEmployees" name="checkStatusCode" time="0.003"/>
  <testcase classname="com.employeeapi.testCases.TC001_GET_AllEmployees" name="checkStatusLine" time="0.003"/>
  <testcase classname="com.employeeapi.testCases.TC001_GET_AllEmployees" name="checkserverType" time="0.004"/>
  <testcase classname="com.employeeapi.testCases.TC001_GET_AllEmployees" name="contentLenght" time="0.006"/>
  <testcase classname="com.employeeapi.testCases.TC001_GET_AllEmployees" name="cookies" time="0.002"/>
  <testcase classname="com.employeeapi.testCases.TC002_GET_Single_Employee" name="checkContentType" time="0.005"/>
  <testcase classname="com.employeeapi.testCases.TC002_GET_Single_Employee" name="checkEncoding" time="0.001"/>
  <testcase classname="com.employeeapi.testCases.TC002_GET_Single_Employee" name="checkResponseBody" time="2.007"/>
  <testcase classname="com.employeeapi.testCases.TC002_GET_Single_Employee" name="checkResponseTime" time="0.002"/>
  <testcase classname="com.employeeapi.testCases.TC002_GET_Single_Employee" name="checkStatusCode" time="0.003"/>
  <testcase classname="com.employeeapi.testCases.TC002_GET_Single_Employee" name="checkStatusLine" time="0.005"/>
  <testcase classname="com.employeeapi.testCases.TC002_GET_Single_Employee" name="checkserverType" time="0.03"/>
  <testcase classname="com.employeeapi.testCases.TC002_GET_Single_Employee" name="contentLenght" time="0.007"/>
  <testcase classname="com.employeeapi.testCases.TC002_GET_Single_Employee" name="cookies" time="0.012"/>
  <testcase classname="com.employeeapi.testCases.TC003_POST_Create_Employee" name="checkingBody" time="0.005"/>
  <testcase classname="com.employeeapi.testCases.TC003_POST_Create_Employee" name="checkStatusCode" time="0.018"/>
  <testcase classname="com.employeeapi.testCases.TC003_POST_Create_Employee" name="checkStatusLine" time="0.002"/>
  <testcase classname="com.employeeapi.testCases.TC003_POST_Create_Employee" name="checkContentType" time="0.006"/>
  <testcase classname="com.employeeapi.testCases.TC003_POST_Create_Employee" name="checkserverType" time="0.003"/>
  <testcase classname="com.employeeapi.testCases.TC003_POST_Create_Employee" name="checkEncoding" time="0.003"/>
  <testcase classname="com.employeeapi.testCases.TC003_POST_Create_Employee" name="contentLenght" time="0.006"/>
  <testcase classname="com.employeeapi.testCases.TC003_POST_Create_Employee" name="cookies" time="0.004"/>
  <testcase classname="com.employeeapi.testCases.TC004_PUT_Update_Employee" name="checkingBody" time="0.294">
    <failure type="java.lang.AssertionError" message="expected [true] but found [false]">
      <![CDATA[java.lang.AssertionError: expected [true] but found [false]
at com.employeeapi.testCases.TC004_PUT_Update_Employee.checkingBody(TC004_PUT_Update_Employee.java:57)
at java.base/java.util.ArrayList.forEach(ArrayList.java:1511)
... Removed 31 stack frames]]>
    </failure>
  </testcase> <!-- checkingBody -->
  <testcase classname="com.employeeapi.testCases.TC004_PUT_Update_Employee" name="checkStatusCode" time="0.0">
    <failure type="java.lang.AssertionError" message="expected [200] but found [429]">
      <![CDATA[java.lang.AssertionError: expected [200] but found [429]
at com.employeeapi.testCases.TC004_PUT_Update_Employee.checkStatusCode(TC004_PUT_Update_Employee.java:68)
at java.base/java.util.ArrayList.forEach(ArrayList.java:1511)
... Removed 33 stack frames]]>
    </failure>
  </testcase> <!-- checkStatusCode -->
  <testcase classname="com.employeeapi.testCases.TC004_PUT_Update_Employee" name="checkStatusLine" time="0.002">
    <failure type="java.lang.AssertionError" message="expected [HTTP/1.1 200 OK] but found [HTTP/1.1 429 Too Many Requests]">
      <![CDATA[java.lang.AssertionError: expected [HTTP/1.1 200 OK] but found [HTTP/1.1 429 Too Many Requests]
at com.employeeapi.testCases.TC004_PUT_Update_Employee.checkStatusLine(TC004_PUT_Update_Employee.java:75)
at java.base/java.util.ArrayList.forEach(ArrayList.java:1511)
... Removed 33 stack frames]]>
    </failure>
  </testcase> <!-- checkStatusLine -->
  <testcase classname="com.employeeapi.testCases.TC004_PUT_Update_Employee" name="checkContentType" time="0.002">
    <failure type="java.lang.AssertionError" message="expected [application/json] but found [text/html; charset=UTF-8]">
      <![CDATA[java.lang.AssertionError: expected [application/json] but found [text/html; charset=UTF-8]
at com.employeeapi.testCases.TC004_PUT_Update_Employee.checkContentType(TC004_PUT_Update_Employee.java:84)
at java.base/java.util.ArrayList.forEach(ArrayList.java:1511)
... Removed 33 stack frames]]>
    </failure>
  </testcase> <!-- checkContentType -->
  <testcase classname="com.employeeapi.testCases.TC004_PUT_Update_Employee" name="checkserverType" time="0.004"/>
  <testcase classname="com.employeeapi.testCases.TC004_PUT_Update_Employee" name="checkEncoding" time="0.001"/>
  <testcase classname="com.employeeapi.testCases.TC004_PUT_Update_Employee" name="contentLenght" time="0.002"/>
  <testcase classname="com.employeeapi.testCases.TC004_PUT_Update_Employee" name="cookies" time="0.001"/>
  <testcase classname="com.employeeapi.testCases.TC005_DELETE_Employee" name="checkContentType" time="0.002">
    <failure type="java.lang.AssertionError" message="expected [application/json] but found [text/html; charset=UTF-8]">
      <![CDATA[java.lang.AssertionError: expected [application/json] but found [text/html; charset=UTF-8]
at com.employeeapi.testCases.TC005_DELETE_Employee.checkContentType(TC005_DELETE_Employee.java:72)
at java.base/java.util.ArrayList.forEach(ArrayList.java:1511)
... Removed 33 stack frames]]>
    </failure>
  </testcase> <!-- checkContentType -->
  <testcase classname="com.employeeapi.testCases.TC005_DELETE_Employee" name="checkEncoding" time="0.007"/>
  <testcase classname="com.employeeapi.testCases.TC005_DELETE_Employee" name="checkResponseBody" time="0.005">
    <failure type="java.lang.AssertionError" message="expected [true] but found [false]">
      <![CDATA[java.lang.AssertionError: expected [true] but found [false]
at com.employeeapi.testCases.TC005_DELETE_Employee.checkResponseBody(TC005_DELETE_Employee.java:32)
at java.base/java.util.ArrayList.forEach(ArrayList.java:1511)
... Removed 31 stack frames]]>
    </failure>
  </testcase> <!-- checkResponseBody -->
  <testcase classname="com.employeeapi.testCases.TC005_DELETE_Employee" name="checkResponseTime" time="0.005"/>
  <testcase classname="com.employeeapi.testCases.TC005_DELETE_Employee" name="checkStatusCode" time="0.007">
    <failure type="java.lang.AssertionError" message="expected [200] but found [429]">
      <![CDATA[java.lang.AssertionError: expected [200] but found [429]
at com.employeeapi.testCases.TC005_DELETE_Employee.checkStatusCode(TC005_DELETE_Employee.java:40)
at java.base/java.util.ArrayList.forEach(ArrayList.java:1511)
... Removed 33 stack frames]]>
    </failure>
  </testcase> <!-- checkStatusCode -->
  <testcase classname="com.employeeapi.testCases.TC005_DELETE_Employee" name="checkStatusLine" time="0.002">
    <failure type="java.lang.AssertionError" message="expected [HTTP/1.1 200 OK] but found [HTTP/1.1 429 Too Many Requests]">
      <![CDATA[java.lang.AssertionError: expected [HTTP/1.1 200 OK] but found [HTTP/1.1 429 Too Many Requests]
at com.employeeapi.testCases.TC005_DELETE_Employee.checkStatusLine(TC005_DELETE_Employee.java:63)
at java.base/java.util.ArrayList.forEach(ArrayList.java:1511)
... Removed 33 stack frames]]>
    </failure>
  </testcase> <!-- checkStatusLine -->
  <testcase classname="com.employeeapi.testCases.TC005_DELETE_Employee" name="checkserverType" time="0.001"/>
  <testcase classname="com.employeeapi.testCases.TC005_DELETE_Employee" name="contentLenght" time="0.001"/>
  <testcase classname="com.employeeapi.testCases.TC005_DELETE_Employee" name="cookies" time="0.001"/>
</testsuite> <!-- Test -->
