<?xml version="1.0" encoding="UTF-8"?>
<testsuite xmlns:xsi="http://www.w3.org/2001/XMLSchema-instance" xsi:noNamespaceSchemaLocation="https://maven.apache.org/surefire/maven-surefire-plugin/xsd/surefire-test-report-3.0.xsd" version="3.0" name="TestSuite" time="65.524" tests="43" errors="0" skipped="0" failures="8">
  <properties>
[...]
</properties>
  <testcase name="checkContentType" classname="com.employeeapi.testCases.TC001_GET_AllEmployees" time="0.011">
    <system-out><![CDATA[2022-12-19 14:28:41 INFO  EmployeeRestAPI:18 - Starting TC001_GET_AllEmployee
2022-12-19 14:28:48 INFO  EmployeeRestAPI:69 - Checking  content type
2022-12-19 14:28:48 INFO  EmployeeRestAPI:71 - Content type is application/json
]]></system-out>
    <system-err><![CDATA[SLF4J: Failed to load class "org.slf4j.impl.StaticLoggerBinder".
SLF4J: Defaulting to no-operation (NOP) logger implementation
SLF4J: See http://www.slf4j.org/codes.html#StaticLoggerBinder for further details.
]]></system-err>
  </testcase>
  <testcase name="checkEncoding" classname="com.employeeapi.testCases.TC001_GET_AllEmployees" time="0.003">
    <system-out><![CDATA[2022-12-19 14:28:48 INFO  EmployeeRestAPI:89 - Checking Encoding
2022-12-19 14:28:48 INFO  EmployeeRestAPI:91 - This is  Encoding gzip
]]></system-out>
  </testcase>
  <testcase name="checkResponseBody" classname="com.employeeapi.testCases.TC001_GET_AllEmployees" time="0.126">
    <system-out><![CDATA[2022-12-19 14:28:48 INFO  EmployeeRestAPI:29 - Checking Response Body
2022-12-19 14:28:48 INFO  EmployeeRestAPI:31 - Response Body is {
    "status": "success",
    "data": [
        {
            "id": 1,
            "employee_name": "Tiger Nixon",
            "employee_salary": 320800,
            "employee_age": 61,
            "profile_image": ""
        },
        {
            "id": 2,
            "employee_name": "Garrett Winters",
            "employee_salary": 170750,
            "employee_age": 63,
            "profile_image": ""
        },
        {
            "id": 3,
            "employee_name": "Ashton Cox",
            "employee_salary": 86000,
            "employee_age": 66,
            "profile_image": ""
        },
        {
            "id": 4,
            "employee_name": "Cedric Kelly",
            "employee_salary": 433060,
            "employee_age": 22,
            "profile_image": ""
        },
        {
            "id": 5,
            "employee_name": "Airi Satou",
            "employee_salary": 162700,
            "employee_age": 33,
            "profile_image": ""
        },
        {
            "id": 6,
            "employee_name": "Brielle Williamson",
            "employee_salary": 372000,
            "employee_age": 61,
            "profile_image": ""
        },
        {
            "id": 7,
            "employee_name": "Herrod Chandler",
            "employee_salary": 137500,
            "employee_age": 59,
            "profile_image": ""
        },
        {
            "id": 8,
            "employee_name": "Rhona Davidson",
            "employee_salary": 327900,
            "employee_age": 55,
            "profile_image": ""
        },
        {
            "id": 9,
            "employee_name": "Colleen Hurst",
            "employee_salary": 205500,
            "employee_age": 39,
            "profile_image": ""
        },
        {
            "id": 10,
            "employee_name": "Sonya Frost",
            "employee_salary": 103600,
            "employee_age": 23,
            "profile_image": ""
        },
        {
            "id": 11,
            "employee_name": "Jena Gaines",
            "employee_salary": 90560,
            "employee_age": 30,
            "profile_image": ""
        },
        {
            "id": 12,
            "employee_name": "Quinn Flynn",
            "employee_salary": 342000,
            "employee_age": 22,
            "profile_image": ""
        },
        {
            "id": 13,
            "employee_name": "Charde Marshall",
            "employee_salary": 470600,
            "employee_age": 36,
            "profile_image": ""
        },
        {
            "id": 14,
            "employee_name": "Haley Kennedy",
            "employee_salary": 313500,
            "employee_age": 43,
            "profile_image": ""
        },
        {
            "id": 15,
            "employee_name": "Tatyana Fitzpatrick",
            "employee_salary": 385750,
            "employee_age": 19,
            "profile_image": ""
        },
        {
            "id": 16,
            "employee_name": "Michael Silva",
            "employee_salary": 198500,
            "employee_age": 66,
            "profile_image": ""
        },
        {
            "id": 17,
            "employee_name": "Paul Byrd",
            "employee_salary": 725000,
            "employee_age": 64,
            "profile_image": ""
        },
        {
            "id": 18,
            "employee_name": "Gloria Little",
            "employee_salary": 237500,
            "employee_age": 59,
            "profile_image": ""
        },
        {
            "id": 19,
            "employee_name": "Bradley Greer",
            "employee_salary": 132000,
            "employee_age": 41,
            "profile_image": ""
        },
        {
            "id": 20,
            "employee_name": "Dai Rios",
            "employee_salary": 217500,
            "employee_age": 35,
            "profile_image": ""
        },
        {
            "id": 21,
            "employee_name": "Jenette Caldwell",
            "employee_salary": 345000,
            "employee_age": 30,
            "profile_image": ""
        },
        {
            "id": 22,
            "employee_name": "Yuri Berry",
            "employee_salary": 675000,
            "employee_age": 40,
            "profile_image": ""
        },
        {
            "id": 23,
            "employee_name": "Caesar Vance",
            "employee_salary": 106450,
            "employee_age": 21,
            "profile_image": ""
        },
        {
            "id": 24,
            "employee_name": "Doris Wilder",
            "employee_salary": 85600,
            "employee_age": 23,
            "profile_image": ""
        }
    ],
    "message": "Successfully! All records has been fetched."
}
]]></system-out>
  </testcase>
  <testcase name="checkResponseTime" classname="com.employeeapi.testCases.TC001_GET_AllEmployees" time="0.007">
    <system-out><![CDATA[2022-12-19 14:28:48 INFO  EmployeeRestAPI:47 - Checking Response Time
2022-12-19 14:28:48 INFO  EmployeeRestAPI:49 - Response Time is 1509
]]></system-out>
  </testcase>
  <testcase name="checkStatusCode" classname="com.employeeapi.testCases.TC001_GET_AllEmployees" time="0.004">
    <system-out><![CDATA[2022-12-19 14:28:48 INFO  EmployeeRestAPI:37 - Checking Status code
2022-12-19 14:28:48 INFO  EmployeeRestAPI:39 - Status code is 200
]]></system-out>
  </testcase>
  <testcase name="checkStatusLine" classname="com.employeeapi.testCases.TC001_GET_AllEmployees" time="0.005">
    <system-out><![CDATA[2022-12-19 14:28:48 INFO  EmployeeRestAPI:60 - Checking Status line
2022-12-19 14:28:48 INFO  EmployeeRestAPI:62 - Status line is HTTP/1.1 200 OK
]]></system-out>
  </testcase>
  <testcase name="checkserverType" classname="com.employeeapi.testCases.TC001_GET_AllEmployees" time="0.003">
    <system-out><![CDATA[2022-12-19 14:28:48 INFO  EmployeeRestAPI:78 - Checking server type
2022-12-19 14:28:48 INFO  EmployeeRestAPI:80 - Server type is nginx/1.21.6
]]></system-out>
  </testcase>
  <testcase name="contentLenght" classname="com.employeeapi.testCases.TC001_GET_AllEmployees" time="0.005">
    <system-out><![CDATA[2022-12-19 14:28:48 INFO  EmployeeRestAPI:97 - Checking Content Lenght
2022-12-19 14:28:48 INFO  EmployeeRestAPI:99 - Content lenght is null
]]></system-out>
  </testcase>
  <testcase name="cookies" classname="com.employeeapi.testCases.TC001_GET_AllEmployees" time="0.003">
    <system-out><![CDATA[2022-12-19 14:28:48 INFO  EmployeeRestAPI:106 - Checking cookies
]]></system-out>
  </testcase>
  <testcase name="checkContentType" classname="com.employeeapi.testCases.TC002_GET_Single_Employee" time="0.002">
    <system-out><![CDATA[2022-12-19 14:28:48 INFO  EmployeeRestAPI:113 - Finished TC001_Get_All Emp Test
2022-12-19 14:28:48 INFO  EmployeeRestAPI:18 - Starting TC002_GET_Single Emp Test
2022-12-19 14:28:51 INFO  EmployeeRestAPI:70 - Checking  content type
2022-12-19 14:28:51 INFO  EmployeeRestAPI:72 - Content type is application/json
]]></system-out>
  </testcase>
  <testcase name="checkEncoding" classname="com.employeeapi.testCases.TC002_GET_Single_Employee" time="0.004">
    <system-out><![CDATA[2022-12-19 14:28:51 INFO  EmployeeRestAPI:90 - Checking Encoding
2022-12-19 14:28:51 INFO  EmployeeRestAPI:92 - This is  Encoding null
]]></system-out>
  </testcase>
  <testcase name="checkResponseBody" classname="com.employeeapi.testCases.TC002_GET_Single_Employee" time="2.008">
    <system-out><![CDATA[2022-12-19 14:28:51 INFO  EmployeeRestAPI:29 - Checking Response Body
2022-12-19 14:28:51 INFO  EmployeeRestAPI:31 - Response Body is {
    "status": "success",
    "data": {
        "id": 1,
        "employee_name": "Tiger Nixon",
        "employee_salary": 320800,
        "employee_age": 61,
        "profile_image": ""
    },
    "message": "Successfully! Record has been fetched."
}
]]></system-out>
  </testcase>
  <testcase name="checkResponseTime" classname="com.employeeapi.testCases.TC002_GET_Single_Employee" time="0.004">
    <system-out><![CDATA[2022-12-19 14:28:53 INFO  EmployeeRestAPI:48 - Checking Response Time
2022-12-19 14:28:53 INFO  EmployeeRestAPI:50 - Response Time is 128
]]></system-out>
  </testcase>
  <testcase name="checkStatusCode" classname="com.employeeapi.testCases.TC002_GET_Single_Employee" time="0.002">
    <system-out><![CDATA[2022-12-19 14:28:53 INFO  EmployeeRestAPI:38 - Checking Status code
2022-12-19 14:28:53 INFO  EmployeeRestAPI:40 - Status code is 200
]]></system-out>
  </testcase>
  <testcase name="checkStatusLine" classname="com.employeeapi.testCases.TC002_GET_Single_Employee" time="0.004">
    <system-out><![CDATA[2022-12-19 14:28:53 INFO  EmployeeRestAPI:61 - Checking Status line
2022-12-19 14:28:53 INFO  EmployeeRestAPI:63 - Status line is HTTP/1.1 200 OK
]]></system-out>
  </testcase>
  <testcase name="checkserverType" classname="com.employeeapi.testCases.TC002_GET_Single_Employee" time="0.001">
    <system-out><![CDATA[2022-12-19 14:28:53 INFO  EmployeeRestAPI:79 - Checking server type
2022-12-19 14:28:53 INFO  EmployeeRestAPI:81 - Server type is nginx/1.21.6
]]></system-out>
  </testcase>
  <testcase name="contentLenght" classname="com.employeeapi.testCases.TC002_GET_Single_Employee" time="0.002">
    <system-out><![CDATA[2022-12-19 14:28:53 INFO  EmployeeRestAPI:98 - Checking Content Lenght
2022-12-19 14:28:53 INFO  EmployeeRestAPI:100 - Content lenght is 179
]]></system-out>
  </testcase>
  <testcase name="cookies" classname="com.employeeapi.testCases.TC002_GET_Single_Employee" time="0.002">
    <system-out><![CDATA[2022-12-19 14:28:53 INFO  EmployeeRestAPI:107 - Checking cookies
]]></system-out>
  </testcase>
  <testcase name="checkingBody" classname="com.employeeapi.testCases.TC003_POST_Create_Employee" time="0.001">
    <system-out><![CDATA[2022-12-19 14:28:53 INFO  EmployeeRestAPI:114 - Finished TC002_Get_Singl_Emp Test
2022-12-19 14:28:53 INFO  EmployeeRestAPI:32 - Starting TC003_POST_Create_Emp_Test
2022-12-19 14:29:09 INFO  EmployeeRestAPI:56 - This is responseBody {
    "status": "success",
    "data": {
        "name": "SanjayL",
        "salary": "67056",
        "age": "26",
        "id": 2442
    },
    "message": "Successfully! Record has been added."
}
]]></system-out>
  </testcase>
  <testcase name="checkStatusCode" classname="com.employeeapi.testCases.TC003_POST_Create_Employee" time="0.003">
    <system-out><![CDATA[2022-12-19 14:29:09 INFO  EmployeeRestAPI:65 - Checking Status code
2022-12-19 14:29:09 INFO  EmployeeRestAPI:67 - Status code is 200
]]></system-out>
  </testcase>
  <testcase name="checkStatusLine" classname="com.employeeapi.testCases.TC003_POST_Create_Employee" time="0.002">
    <system-out><![CDATA[2022-12-19 14:29:09 INFO  EmployeeRestAPI:72 - Checking Status line
2022-12-19 14:29:09 INFO  EmployeeRestAPI:74 - Status line is HTTP/1.1 200 OK
]]></system-out>
  </testcase>
  <testcase name="checkContentType" classname="com.employeeapi.testCases.TC003_POST_Create_Employee" time="0.002">
    <system-out><![CDATA[2022-12-19 14:29:09 INFO  EmployeeRestAPI:81 - Checking  content type
2022-12-19 14:29:09 INFO  EmployeeRestAPI:83 - Content type is application/json
]]></system-out>
  </testcase>
  <testcase name="checkserverType" classname="com.employeeapi.testCases.TC003_POST_Create_Employee" time="0.002">
    <system-out><![CDATA[2022-12-19 14:29:09 INFO  EmployeeRestAPI:90 - Checking server type
2022-12-19 14:29:09 INFO  EmployeeRestAPI:92 - Server type is Apache
]]></system-out>
  </testcase>
  <testcase name="checkEncoding" classname="com.employeeapi.testCases.TC003_POST_Create_Employee" time="0.001">
    <system-out><![CDATA[2022-12-19 14:29:09 INFO  EmployeeRestAPI:101 - Checking Encoding
2022-12-19 14:29:09 INFO  EmployeeRestAPI:103 - This is  Encoding null
]]></system-out>
  </testcase>
  <testcase name="contentLenght" classname="com.employeeapi.testCases.TC003_POST_Create_Employee" time="0.002">
    <system-out><![CDATA[2022-12-19 14:29:09 INFO  EmployeeRestAPI:109 - Checking Content Lenght
2022-12-19 14:29:09 INFO  EmployeeRestAPI:111 - Content lenght is 133
]]></system-out>
  </testcase>
  <testcase name="cookies" classname="com.employeeapi.testCases.TC003_POST_Create_Employee" time="0.002">
    <system-out><![CDATA[2022-12-19 14:29:09 INFO  EmployeeRestAPI:118 - Checking cookies
]]></system-out>
  </testcase>
  <testcase name="checkingBody" classname="com.employeeapi.testCases.TC004_PUT_Update_Employee" time="0.211">
    <failure message="expected [true] but found [false]" type="java.lang.AssertionError"><![CDATA[java.lang.AssertionError: expected [true] but found [false]
	at org.testng.Assert.fail(Assert.java:110)
	at org.testng.Assert.failNotEquals(Assert.java:1413)
	at org.testng.Assert.assertTrue(Assert.java:56)
	at org.testng.Assert.assertTrue(Assert.java:66)
	at com.employeeapi.testCases.TC004_PUT_Update_Employee.checkingBody(TC004_PUT_Update_Employee.java:57)
	at java.base/jdk.internal.reflect.NativeMethodAccessorImpl.invoke0(Native Method)
	at java.base/jdk.internal.reflect.NativeMethodAccessorImpl.invoke(NativeMethodAccessorImpl.java:62)
	at java.base/jdk.internal.reflect.DelegatingMethodAccessorImpl.invoke(DelegatingMethodAccessorImpl.java:43)
	at java.base/java.lang.reflect.Method.invoke(Method.java:564)
	at org.testng.internal.invokers.MethodInvocationHelper.invokeMethod(MethodInvocationHelper.java:139)
	at org.testng.internal.invokers.TestInvoker.invokeMethod(TestInvoker.java:677)
	at org.testng.internal.invokers.TestInvoker.invokeTestMethod(TestInvoker.java:221)
	at org.testng.internal.invokers.MethodRunner.runInSequence(MethodRunner.java:50)
	at org.testng.internal.invokers.TestInvoker$MethodInvocationAgent.invoke(TestInvoker.java:969)
	at org.testng.internal.invokers.TestInvoker.invokeTestMethods(TestInvoker.java:194)
	at org.testng.internal.invokers.TestMethodWorker.invokeTestMethods(TestMethodWorker.java:148)
	at org.testng.internal.invokers.TestMethodWorker.run(TestMethodWorker.java:128)
	at java.base/java.util.ArrayList.forEach(ArrayList.java:1511)
	at org.testng.TestRunner.privateRun(TestRunner.java:829)
	at org.testng.TestRunner.run(TestRunner.java:602)
	at org.testng.SuiteRunner.runTest(SuiteRunner.java:437)
	at org.testng.SuiteRunner.runSequentially(SuiteRunner.java:431)
	at org.testng.SuiteRunner.privateRun(SuiteRunner.java:391)
	at org.testng.SuiteRunner.run(SuiteRunner.java:330)
	at org.testng.SuiteRunnerWorker.runSuite(SuiteRunnerWorker.java:52)
	at org.testng.SuiteRunnerWorker.run(SuiteRunnerWorker.java:95)
	at org.testng.TestNG.runSuitesSequentially(TestNG.java:1256)
	at org.testng.TestNG.runSuitesLocally(TestNG.java:1176)
	at org.testng.TestNG.runSuites(TestNG.java:1099)
	at org.testng.TestNG.run(TestNG.java:1067)
	at org.apache.maven.surefire.testng.TestNGExecutor.run(TestNGExecutor.java:324)
	at org.apache.maven.surefire.testng.TestNGXmlTestSuite.execute(TestNGXmlTestSuite.java:74)
	at org.apache.maven.surefire.testng.TestNGProvider.invoke(TestNGProvider.java:123)
	at org.apache.maven.surefire.booter.ForkedBooter.runSuitesInProcess(ForkedBooter.java:456)
	at org.apache.maven.surefire.booter.ForkedBooter.execute(ForkedBooter.java:169)
	at org.apache.maven.surefire.booter.ForkedBooter.run(ForkedBooter.java:595)
	at org.apache.maven.surefire.booter.ForkedBooter.main(ForkedBooter.java:581)
]]></failure>
    <system-out><![CDATA[2022-12-19 14:29:09 INFO  EmployeeRestAPI:125 - Finished TC003_POST_Create_Emp_Test
2022-12-19 14:29:09 INFO  EmployeeRestAPI:32 - Starting TC004_PUT_UPDATE_Emp_Test
2022-12-19 14:29:24 INFO  EmployeeRestAPI:56 - This is responseBody <html lang="en">
  <head>
    <meta charset="utf-8"/>
    <meta name="viewport" content="width=device-width, initial-scale=1"/>
    <title>Too Many Requests</title>
    <link rel="dns-prefetch" href="//fonts.gstatic.com"/>
    <link href="https://fonts.googleapis.com/css?family=Nunito" rel="stylesheet"/>
    <style>
            html, body {
                background-color: #fff;
                color: #636b6f;
                font-family: 'Nunito', sans-serif;
                font-weight: 100;
                height: 100vh;
                margin: 0;
            }

            .full-height {
                height: 100vh;
            }

            .flex-center {
                align-items: center;
                display: flex;
                justify-content: center;
            }

            .position-ref {
                position: relative;
            }

            .code {
                border-right: 2px solid;
                font-size: 26px;
                padding: 0 15px 0 15px;
                text-align: center;
            }

            .message {
                font-size: 18px;
                text-align: center;
            }
        </style>
  </head>
  <body>
    <div class="flex-center position-ref full-height">
      <div class="code">
                429            </div>
      <div class="message" style="padding: 10px;">
                Too Many Requests            </div>
    </div>
  </body>
</html>
]]></system-out>
  </testcase>
  <testcase name="checkStatusCode" classname="com.employeeapi.testCases.TC004_PUT_Update_Employee" time="0.004">
    <failure message="expected [200] but found [429]" type="java.lang.AssertionError"><![CDATA[java.lang.AssertionError: expected [200] but found [429]
	at org.testng.Assert.fail(Assert.java:110)
	at org.testng.Assert.failNotEquals(Assert.java:1413)
	at org.testng.Assert.assertEqualsImpl(Assert.java:149)
	at org.testng.Assert.assertEquals(Assert.java:131)
	at org.testng.Assert.assertEquals(Assert.java:1240)
	at org.testng.Assert.assertEquals(Assert.java:1274)
	at com.employeeapi.testCases.TC004_PUT_Update_Employee.checkStatusCode(TC004_PUT_Update_Employee.java:68)
	at java.base/jdk.internal.reflect.NativeMethodAccessorImpl.invoke0(Native Method)
	at java.base/jdk.internal.reflect.NativeMethodAccessorImpl.invoke(NativeMethodAccessorImpl.java:62)
	at java.base/jdk.internal.reflect.DelegatingMethodAccessorImpl.invoke(DelegatingMethodAccessorImpl.java:43)
	at java.base/java.lang.reflect.Method.invoke(Method.java:564)
	at org.testng.internal.invokers.MethodInvocationHelper.invokeMethod(MethodInvocationHelper.java:139)
	at org.testng.internal.invokers.TestInvoker.invokeMethod(TestInvoker.java:677)
	at org.testng.internal.invokers.TestInvoker.invokeTestMethod(TestInvoker.java:221)
	at org.testng.internal.invokers.MethodRunner.runInSequence(MethodRunner.java:50)
	at org.testng.internal.invokers.TestInvoker$MethodInvocationAgent.invoke(TestInvoker.java:969)
	at org.testng.internal.invokers.TestInvoker.invokeTestMethods(TestInvoker.java:194)
	at org.testng.internal.invokers.TestMethodWorker.invokeTestMethods(TestMethodWorker.java:148)
	at org.testng.internal.invokers.TestMethodWorker.run(TestMethodWorker.java:128)
	at java.base/java.util.ArrayList.forEach(ArrayList.java:1511)
	at org.testng.TestRunner.privateRun(TestRunner.java:829)
	at org.testng.TestRunner.run(TestRunner.java:602)
	at org.testng.SuiteRunner.runTest(SuiteRunner.java:437)
	at org.testng.SuiteRunner.runSequentially(SuiteRunner.java:431)
	at org.testng.SuiteRunner.privateRun(SuiteRunner.java:391)
	at org.testng.SuiteRunner.run(SuiteRunner.java:330)
	at org.testng.SuiteRunnerWorker.runSuite(SuiteRunnerWorker.java:52)
	at org.testng.SuiteRunnerWorker.run(SuiteRunnerWorker.java:95)
	at org.testng.TestNG.runSuitesSequentially(TestNG.java:1256)
	at org.testng.TestNG.runSuitesLocally(TestNG.java:1176)
	at org.testng.TestNG.runSuites(TestNG.java:1099)
	at org.testng.TestNG.run(TestNG.java:1067)
	at org.apache.maven.surefire.testng.TestNGExecutor.run(TestNGExecutor.java:324)
	at org.apache.maven.surefire.testng.TestNGXmlTestSuite.execute(TestNGXmlTestSuite.java:74)
	at org.apache.maven.surefire.testng.TestNGProvider.invoke(TestNGProvider.java:123)
	at org.apache.maven.surefire.booter.ForkedBooter.runSuitesInProcess(ForkedBooter.java:456)
	at org.apache.maven.surefire.booter.ForkedBooter.execute(ForkedBooter.java:169)
	at org.apache.maven.surefire.booter.ForkedBooter.run(ForkedBooter.java:595)
	at org.apache.maven.surefire.booter.ForkedBooter.main(ForkedBooter.java:581)
]]></failure>
    <system-out><![CDATA[2022-12-19 14:29:24 INFO  EmployeeRestAPI:65 - Checking Status code
2022-12-19 14:29:24 INFO  EmployeeRestAPI:67 - Status code is 429
]]></system-out>
  </testcase>
  <testcase name="checkStatusLine" classname="com.employeeapi.testCases.TC004_PUT_Update_Employee" time="0.002">
    <failure message="expected [HTTP/1.1 200 OK] but found [HTTP/1.1 429 Too Many Requests]" type="java.lang.AssertionError"><![CDATA[java.lang.AssertionError: expected [HTTP/1.1 200 OK] but found [HTTP/1.1 429 Too Many Requests]
	at org.testng.Assert.fail(Assert.java:110)
	at org.testng.Assert.failNotEquals(Assert.java:1413)
	at org.testng.Assert.assertEqualsImpl(Assert.java:149)
	at org.testng.Assert.assertEquals(Assert.java:131)
	at org.testng.Assert.assertEquals(Assert.java:655)
	at org.testng.Assert.assertEquals(Assert.java:665)
	at com.employeeapi.testCases.TC004_PUT_Update_Employee.checkStatusLine(TC004_PUT_Update_Employee.java:75)
	at java.base/jdk.internal.reflect.NativeMethodAccessorImpl.invoke0(Native Method)
	at java.base/jdk.internal.reflect.NativeMethodAccessorImpl.invoke(NativeMethodAccessorImpl.java:62)
	at java.base/jdk.internal.reflect.DelegatingMethodAccessorImpl.invoke(DelegatingMethodAccessorImpl.java:43)
	at java.base/java.lang.reflect.Method.invoke(Method.java:564)
	at org.testng.internal.invokers.MethodInvocationHelper.invokeMethod(MethodInvocationHelper.java:139)
	at org.testng.internal.invokers.TestInvoker.invokeMethod(TestInvoker.java:677)
	at org.testng.internal.invokers.TestInvoker.invokeTestMethod(TestInvoker.java:221)
	at org.testng.internal.invokers.MethodRunner.runInSequence(MethodRunner.java:50)
	at org.testng.internal.invokers.TestInvoker$MethodInvocationAgent.invoke(TestInvoker.java:969)
	at org.testng.internal.invokers.TestInvoker.invokeTestMethods(TestInvoker.java:194)
	at org.testng.internal.invokers.TestMethodWorker.invokeTestMethods(TestMethodWorker.java:148)
	at org.testng.internal.invokers.TestMethodWorker.run(TestMethodWorker.java:128)
	at java.base/java.util.ArrayList.forEach(ArrayList.java:1511)
	at org.testng.TestRunner.privateRun(TestRunner.java:829)
	at org.testng.TestRunner.run(TestRunner.java:602)
	at org.testng.SuiteRunner.runTest(SuiteRunner.java:437)
	at org.testng.SuiteRunner.runSequentially(SuiteRunner.java:431)
	at org.testng.SuiteRunner.privateRun(SuiteRunner.java:391)
	at org.testng.SuiteRunner.run(SuiteRunner.java:330)
	at org.testng.SuiteRunnerWorker.runSuite(SuiteRunnerWorker.java:52)
	at org.testng.SuiteRunnerWorker.run(SuiteRunnerWorker.java:95)
	at org.testng.TestNG.runSuitesSequentially(TestNG.java:1256)
	at org.testng.TestNG.runSuitesLocally(TestNG.java:1176)
	at org.testng.TestNG.runSuites(TestNG.java:1099)
	at org.testng.TestNG.run(TestNG.java:1067)
	at org.apache.maven.surefire.testng.TestNGExecutor.run(TestNGExecutor.java:324)
	at org.apache.maven.surefire.testng.TestNGXmlTestSuite.execute(TestNGXmlTestSuite.java:74)
	at org.apache.maven.surefire.testng.TestNGProvider.invoke(TestNGProvider.java:123)
	at org.apache.maven.surefire.booter.ForkedBooter.runSuitesInProcess(ForkedBooter.java:456)
	at org.apache.maven.surefire.booter.ForkedBooter.execute(ForkedBooter.java:169)
	at org.apache.maven.surefire.booter.ForkedBooter.run(ForkedBooter.java:595)
	at org.apache.maven.surefire.booter.ForkedBooter.main(ForkedBooter.java:581)
]]></failure>
    <system-out><![CDATA[2022-12-19 14:29:24 INFO  EmployeeRestAPI:72 - Checking Status line
2022-12-19 14:29:24 INFO  EmployeeRestAPI:74 - Status line is HTTP/1.1 429 Too Many Requests
]]></system-out>
  </testcase>
  <testcase name="checkContentType" classname="com.employeeapi.testCases.TC004_PUT_Update_Employee" time="0.003">
    <failure message="expected [application/json] but found [text/html; charset=UTF-8]" type="java.lang.AssertionError"><![CDATA[java.lang.AssertionError: expected [application/json] but found [text/html; charset=UTF-8]
	at org.testng.Assert.fail(Assert.java:110)
	at org.testng.Assert.failNotEquals(Assert.java:1413)
	at org.testng.Assert.assertEqualsImpl(Assert.java:149)
	at org.testng.Assert.assertEquals(Assert.java:131)
	at org.testng.Assert.assertEquals(Assert.java:655)
	at org.testng.Assert.assertEquals(Assert.java:665)
	at com.employeeapi.testCases.TC004_PUT_Update_Employee.checkContentType(TC004_PUT_Update_Employee.java:84)
	at java.base/jdk.internal.reflect.NativeMethodAccessorImpl.invoke0(Native Method)
	at java.base/jdk.internal.reflect.NativeMethodAccessorImpl.invoke(NativeMethodAccessorImpl.java:62)
	at java.base/jdk.internal.reflect.DelegatingMethodAccessorImpl.invoke(DelegatingMethodAccessorImpl.java:43)
	at java.base/java.lang.reflect.Method.invoke(Method.java:564)
	at org.testng.internal.invokers.MethodInvocationHelper.invokeMethod(MethodInvocationHelper.java:139)
	at org.testng.internal.invokers.TestInvoker.invokeMethod(TestInvoker.java:677)
	at org.testng.internal.invokers.TestInvoker.invokeTestMethod(TestInvoker.java:221)
	at org.testng.internal.invokers.MethodRunner.runInSequence(MethodRunner.java:50)
	at org.testng.internal.invokers.TestInvoker$MethodInvocationAgent.invoke(TestInvoker.java:969)
	at org.testng.internal.invokers.TestInvoker.invokeTestMethods(TestInvoker.java:194)
	at org.testng.internal.invokers.TestMethodWorker.invokeTestMethods(TestMethodWorker.java:148)
	at org.testng.internal.invokers.TestMethodWorker.run(TestMethodWorker.java:128)
	at java.base/java.util.ArrayList.forEach(ArrayList.java:1511)
	at org.testng.TestRunner.privateRun(TestRunner.java:829)
	at org.testng.TestRunner.run(TestRunner.java:602)
	at org.testng.SuiteRunner.runTest(SuiteRunner.java:437)
	at org.testng.SuiteRunner.runSequentially(SuiteRunner.java:431)
	at org.testng.SuiteRunner.privateRun(SuiteRunner.java:391)
	at org.testng.SuiteRunner.run(SuiteRunner.java:330)
	at org.testng.SuiteRunnerWorker.runSuite(SuiteRunnerWorker.java:52)
	at org.testng.SuiteRunnerWorker.run(SuiteRunnerWorker.java:95)
	at org.testng.TestNG.runSuitesSequentially(TestNG.java:1256)
	at org.testng.TestNG.runSuitesLocally(TestNG.java:1176)
	at org.testng.TestNG.runSuites(TestNG.java:1099)
	at org.testng.TestNG.run(TestNG.java:1067)
	at org.apache.maven.surefire.testng.TestNGExecutor.run(TestNGExecutor.java:324)
	at org.apache.maven.surefire.testng.TestNGXmlTestSuite.execute(TestNGXmlTestSuite.java:74)
	at org.apache.maven.surefire.testng.TestNGProvider.invoke(TestNGProvider.java:123)
	at org.apache.maven.surefire.booter.ForkedBooter.runSuitesInProcess(ForkedBooter.java:456)
	at org.apache.maven.surefire.booter.ForkedBooter.execute(ForkedBooter.java:169)
	at org.apache.maven.surefire.booter.ForkedBooter.run(ForkedBooter.java:595)
	at org.apache.maven.surefire.booter.ForkedBooter.main(ForkedBooter.java:581)
]]></failure>
    <system-out><![CDATA[2022-12-19 14:29:24 INFO  EmployeeRestAPI:81 - Checking  content type
2022-12-19 14:29:24 INFO  EmployeeRestAPI:83 - Content type is text/html; charset=UTF-8
]]></system-out>
  </testcase>
  <testcase name="checkserverType" classname="com.employeeapi.testCases.TC004_PUT_Update_Employee" time="0.002">
    <system-out><![CDATA[2022-12-19 14:29:24 INFO  EmployeeRestAPI:90 - Checking server type
2022-12-19 14:29:24 INFO  EmployeeRestAPI:92 - Server type is Apache
]]></system-out>
  </testcase>
  <testcase name="checkEncoding" classname="com.employeeapi.testCases.TC004_PUT_Update_Employee" time="0.002">
    <system-out><![CDATA[2022-12-19 14:29:24 INFO  EmployeeRestAPI:101 - Checking Encoding
2022-12-19 14:29:24 INFO  EmployeeRestAPI:103 - This is  Encoding gzip
]]></system-out>
  </testcase>
  <testcase name="contentLenght" classname="com.employeeapi.testCases.TC004_PUT_Update_Employee" time="0.001">
    <system-out><![CDATA[2022-12-19 14:29:24 INFO  EmployeeRestAPI:109 - Checking Content Lenght
2022-12-19 14:29:24 INFO  EmployeeRestAPI:111 - Content lenght is null
]]></system-out>
  </testcase>
  <testcase name="cookies" classname="com.employeeapi.testCases.TC004_PUT_Update_Employee" time="0.002">
    <system-out><![CDATA[2022-12-19 14:29:24 INFO  EmployeeRestAPI:118 - Checking cookies
]]></system-out>
  </testcase>
  <testcase name="checkContentType" classname="com.employeeapi.testCases.TC005_DELETE_Employee" time="0.001">
    <failure message="expected [application/json] but found [text/html; charset=UTF-8]" type="java.lang.AssertionError"><![CDATA[java.lang.AssertionError: expected [application/json] but found [text/html; charset=UTF-8]
	at org.testng.Assert.fail(Assert.java:110)
	at org.testng.Assert.failNotEquals(Assert.java:1413)
	at org.testng.Assert.assertEqualsImpl(Assert.java:149)
	at org.testng.Assert.assertEquals(Assert.java:131)
	at org.testng.Assert.assertEquals(Assert.java:655)
	at org.testng.Assert.assertEquals(Assert.java:665)
	at com.employeeapi.testCases.TC005_DELETE_Employee.checkContentType(TC005_DELETE_Employee.java:72)
	at java.base/jdk.internal.reflect.NativeMethodAccessorImpl.invoke0(Native Method)
	at java.base/jdk.internal.reflect.NativeMethodAccessorImpl.invoke(NativeMethodAccessorImpl.java:62)
	at java.base/jdk.internal.reflect.DelegatingMethodAccessorImpl.invoke(DelegatingMethodAccessorImpl.java:43)
	at java.base/java.lang.reflect.Method.invoke(Method.java:564)
	at org.testng.internal.invokers.MethodInvocationHelper.invokeMethod(MethodInvocationHelper.java:139)
	at org.testng.internal.invokers.TestInvoker.invokeMethod(TestInvoker.java:677)
	at org.testng.internal.invokers.TestInvoker.invokeTestMethod(TestInvoker.java:221)
	at org.testng.internal.invokers.MethodRunner.runInSequence(MethodRunner.java:50)
	at org.testng.internal.invokers.TestInvoker$MethodInvocationAgent.invoke(TestInvoker.java:969)
	at org.testng.internal.invokers.TestInvoker.invokeTestMethods(TestInvoker.java:194)
	at org.testng.internal.invokers.TestMethodWorker.invokeTestMethods(TestMethodWorker.java:148)
	at org.testng.internal.invokers.TestMethodWorker.run(TestMethodWorker.java:128)
	at java.base/java.util.ArrayList.forEach(ArrayList.java:1511)
	at org.testng.TestRunner.privateRun(TestRunner.java:829)
	at org.testng.TestRunner.run(TestRunner.java:602)
	at org.testng.SuiteRunner.runTest(SuiteRunner.java:437)
	at org.testng.SuiteRunner.runSequentially(SuiteRunner.java:431)
	at org.testng.SuiteRunner.privateRun(SuiteRunner.java:391)
	at org.testng.SuiteRunner.run(SuiteRunner.java:330)
	at org.testng.SuiteRunnerWorker.runSuite(SuiteRunnerWorker.java:52)
	at org.testng.SuiteRunnerWorker.run(SuiteRunnerWorker.java:95)
	at org.testng.TestNG.runSuitesSequentially(TestNG.java:1256)
	at org.testng.TestNG.runSuitesLocally(TestNG.java:1176)
	at org.testng.TestNG.runSuites(TestNG.java:1099)
	at org.testng.TestNG.run(TestNG.java:1067)
	at org.apache.maven.surefire.testng.TestNGExecutor.run(TestNGExecutor.java:324)
	at org.apache.maven.surefire.testng.TestNGXmlTestSuite.execute(TestNGXmlTestSuite.java:74)
	at org.apache.maven.surefire.testng.TestNGProvider.invoke(TestNGProvider.java:123)
	at org.apache.maven.surefire.booter.ForkedBooter.runSuitesInProcess(ForkedBooter.java:456)
	at org.apache.maven.surefire.booter.ForkedBooter.execute(ForkedBooter.java:169)
	at org.apache.maven.surefire.booter.ForkedBooter.run(ForkedBooter.java:595)
	at org.apache.maven.surefire.booter.ForkedBooter.main(ForkedBooter.java:581)
]]></failure>
    <system-out><![CDATA[2022-12-19 14:29:24 INFO  EmployeeRestAPI:125 - Starting TC004_PUT_UPDATE_Emp_Test
2022-12-19 14:29:24 INFO  EmployeeRestAPI:18 - Starting TC005_DELET_Employee
2022-12-19 14:29:45 INFO  EmployeeRestAPI:69 - Checking  content type
2022-12-19 14:29:45 INFO  EmployeeRestAPI:71 - Content type is text/html; charset=UTF-8
]]></system-out>
  </testcase>
  <testcase name="checkEncoding" classname="com.employeeapi.testCases.TC005_DELETE_Employee" time="0.003">
    <system-out><![CDATA[2022-12-19 14:29:45 INFO  EmployeeRestAPI:89 - Checking Encoding
2022-12-19 14:29:45 INFO  EmployeeRestAPI:91 - This is  Encoding gzip
]]></system-out>
  </testcase>
  <testcase name="checkResponseBody" classname="com.employeeapi.testCases.TC005_DELETE_Employee" time="0.008">
    <failure message="expected [true] but found [false]" type="java.lang.AssertionError"><![CDATA[java.lang.AssertionError: expected [true] but found [false]
	at org.testng.Assert.fail(Assert.java:110)
	at org.testng.Assert.failNotEquals(Assert.java:1413)
	at org.testng.Assert.assertTrue(Assert.java:56)
	at org.testng.Assert.assertTrue(Assert.java:66)
	at com.employeeapi.testCases.TC005_DELETE_Employee.checkResponseBody(TC005_DELETE_Employee.java:32)
	at java.base/jdk.internal.reflect.NativeMethodAccessorImpl.invoke0(Native Method)
	at java.base/jdk.internal.reflect.NativeMethodAccessorImpl.invoke(NativeMethodAccessorImpl.java:62)
	at java.base/jdk.internal.reflect.DelegatingMethodAccessorImpl.invoke(DelegatingMethodAccessorImpl.java:43)
	at java.base/java.lang.reflect.Method.invoke(Method.java:564)
	at org.testng.internal.invokers.MethodInvocationHelper.invokeMethod(MethodInvocationHelper.java:139)
	at org.testng.internal.invokers.TestInvoker.invokeMethod(TestInvoker.java:677)
	at org.testng.internal.invokers.TestInvoker.invokeTestMethod(TestInvoker.java:221)
	at org.testng.internal.invokers.MethodRunner.runInSequence(MethodRunner.java:50)
	at org.testng.internal.invokers.TestInvoker$MethodInvocationAgent.invoke(TestInvoker.java:969)
	at org.testng.internal.invokers.TestInvoker.invokeTestMethods(TestInvoker.java:194)
	at org.testng.internal.invokers.TestMethodWorker.invokeTestMethods(TestMethodWorker.java:148)
	at org.testng.internal.invokers.TestMethodWorker.run(TestMethodWorker.java:128)
	at java.base/java.util.ArrayList.forEach(ArrayList.java:1511)
	at org.testng.TestRunner.privateRun(TestRunner.java:829)
	at org.testng.TestRunner.run(TestRunner.java:602)
	at org.testng.SuiteRunner.runTest(SuiteRunner.java:437)
	at org.testng.SuiteRunner.runSequentially(SuiteRunner.java:431)
	at org.testng.SuiteRunner.privateRun(SuiteRunner.java:391)
	at org.testng.SuiteRunner.run(SuiteRunner.java:330)
	at org.testng.SuiteRunnerWorker.runSuite(SuiteRunnerWorker.java:52)
	at org.testng.SuiteRunnerWorker.run(SuiteRunnerWorker.java:95)
	at org.testng.TestNG.runSuitesSequentially(TestNG.java:1256)
	at org.testng.TestNG.runSuitesLocally(TestNG.java:1176)
	at org.testng.TestNG.runSuites(TestNG.java:1099)
	at org.testng.TestNG.run(TestNG.java:1067)
	at org.apache.maven.surefire.testng.TestNGExecutor.run(TestNGExecutor.java:324)
	at org.apache.maven.surefire.testng.TestNGXmlTestSuite.execute(TestNGXmlTestSuite.java:74)
	at org.apache.maven.surefire.testng.TestNGProvider.invoke(TestNGProvider.java:123)
	at org.apache.maven.surefire.booter.ForkedBooter.runSuitesInProcess(ForkedBooter.java:456)
	at org.apache.maven.surefire.booter.ForkedBooter.execute(ForkedBooter.java:169)
	at org.apache.maven.surefire.booter.ForkedBooter.run(ForkedBooter.java:595)
	at org.apache.maven.surefire.booter.ForkedBooter.main(ForkedBooter.java:581)
]]></failure>
    <system-out><![CDATA[2022-12-19 14:29:45 INFO  EmployeeRestAPI:29 - Checking Response Body
2022-12-19 14:29:45 INFO  EmployeeRestAPI:31 - Response Body is <html lang="en">
  <head>
    <meta charset="utf-8"/>
    <meta name="viewport" content="width=device-width, initial-scale=1"/>
    <title>Too Many Requests</title>
    <link rel="dns-prefetch" href="//fonts.gstatic.com"/>
    <link href="https://fonts.googleapis.com/css?family=Nunito" rel="stylesheet"/>
    <style>
            html, body {
                background-color: #fff;
                color: #636b6f;
                font-family: 'Nunito', sans-serif;
                font-weight: 100;
                height: 100vh;
                margin: 0;
            }

            .full-height {
                height: 100vh;
            }

            .flex-center {
                align-items: center;
                display: flex;
                justify-content: center;
            }

            .position-ref {
                position: relative;
            }

            .code {
                border-right: 2px solid;
                font-size: 26px;
                padding: 0 15px 0 15px;
                text-align: center;
            }

            .message {
                font-size: 18px;
                text-align: center;
            }
        </style>
  </head>
  <body>
    <div class="flex-center position-ref full-height">
      <div class="code">
                429            </div>
      <div class="message" style="padding: 10px;">
                Too Many Requests            </div>
    </div>
  </body>
</html>
]]></system-out>
  </testcase>
  <testcase name="checkResponseTime" classname="com.employeeapi.testCases.TC005_DELETE_Employee" time="0.004">
    <system-out><![CDATA[2022-12-19 14:29:45 INFO  EmployeeRestAPI:47 - Checking Response Time
2022-12-19 14:29:45 INFO  EmployeeRestAPI:49 - Response Time is 405
]]></system-out>
  </testcase>
  <testcase name="checkStatusCode" classname="com.employeeapi.testCases.TC005_DELETE_Employee" time="0.007">
    <failure message="expected [200] but found [429]" type="java.lang.AssertionError"><![CDATA[java.lang.AssertionError: expected [200] but found [429]
	at org.testng.Assert.fail(Assert.java:110)
	at org.testng.Assert.failNotEquals(Assert.java:1413)
	at org.testng.Assert.assertEqualsImpl(Assert.java:149)
	at org.testng.Assert.assertEquals(Assert.java:131)
	at org.testng.Assert.assertEquals(Assert.java:1240)
	at org.testng.Assert.assertEquals(Assert.java:1274)
	at com.employeeapi.testCases.TC005_DELETE_Employee.checkStatusCode(TC005_DELETE_Employee.java:40)
	at java.base/jdk.internal.reflect.NativeMethodAccessorImpl.invoke0(Native Method)
	at java.base/jdk.internal.reflect.NativeMethodAccessorImpl.invoke(NativeMethodAccessorImpl.java:62)
	at java.base/jdk.internal.reflect.DelegatingMethodAccessorImpl.invoke(DelegatingMethodAccessorImpl.java:43)
	at java.base/java.lang.reflect.Method.invoke(Method.java:564)
	at org.testng.internal.invokers.MethodInvocationHelper.invokeMethod(MethodInvocationHelper.java:139)
	at org.testng.internal.invokers.TestInvoker.invokeMethod(TestInvoker.java:677)
	at org.testng.internal.invokers.TestInvoker.invokeTestMethod(TestInvoker.java:221)
	at org.testng.internal.invokers.MethodRunner.runInSequence(MethodRunner.java:50)
	at org.testng.internal.invokers.TestInvoker$MethodInvocationAgent.invoke(TestInvoker.java:969)
	at org.testng.internal.invokers.TestInvoker.invokeTestMethods(TestInvoker.java:194)
	at org.testng.internal.invokers.TestMethodWorker.invokeTestMethods(TestMethodWorker.java:148)
	at org.testng.internal.invokers.TestMethodWorker.run(TestMethodWorker.java:128)
	at java.base/java.util.ArrayList.forEach(ArrayList.java:1511)
	at org.testng.TestRunner.privateRun(TestRunner.java:829)
	at org.testng.TestRunner.run(TestRunner.java:602)
	at org.testng.SuiteRunner.runTest(SuiteRunner.java:437)
	at org.testng.SuiteRunner.runSequentially(SuiteRunner.java:431)
	at org.testng.SuiteRunner.privateRun(SuiteRunner.java:391)
	at org.testng.SuiteRunner.run(SuiteRunner.java:330)
	at org.testng.SuiteRunnerWorker.runSuite(SuiteRunnerWorker.java:52)
	at org.testng.SuiteRunnerWorker.run(SuiteRunnerWorker.java:95)
	at org.testng.TestNG.runSuitesSequentially(TestNG.java:1256)
	at org.testng.TestNG.runSuitesLocally(TestNG.java:1176)
	at org.testng.TestNG.runSuites(TestNG.java:1099)
	at org.testng.TestNG.run(TestNG.java:1067)
	at org.apache.maven.surefire.testng.TestNGExecutor.run(TestNGExecutor.java:324)
	at org.apache.maven.surefire.testng.TestNGXmlTestSuite.execute(TestNGXmlTestSuite.java:74)
	at org.apache.maven.surefire.testng.TestNGProvider.invoke(TestNGProvider.java:123)
	at org.apache.maven.surefire.booter.ForkedBooter.runSuitesInProcess(ForkedBooter.java:456)
	at org.apache.maven.surefire.booter.ForkedBooter.execute(ForkedBooter.java:169)
	at org.apache.maven.surefire.booter.ForkedBooter.run(ForkedBooter.java:595)
	at org.apache.maven.surefire.booter.ForkedBooter.main(ForkedBooter.java:581)
]]></failure>
    <system-out><![CDATA[2022-12-19 14:29:45 INFO  EmployeeRestAPI:37 - Checking Status code
2022-12-19 14:29:45 INFO  EmployeeRestAPI:39 - Status code is 429
]]></system-out>
  </testcase>
  <testcase name="checkStatusLine" classname="com.employeeapi.testCases.TC005_DELETE_Employee" time="0.005">
    <failure message="expected [HTTP/1.1 200 OK] but found [HTTP/1.1 429 Too Many Requests]" type="java.lang.AssertionError"><![CDATA[java.lang.AssertionError: expected [HTTP/1.1 200 OK] but found [HTTP/1.1 429 Too Many Requests]
	at org.testng.Assert.fail(Assert.java:110)
	at org.testng.Assert.failNotEquals(Assert.java:1413)
	at org.testng.Assert.assertEqualsImpl(Assert.java:149)
	at org.testng.Assert.assertEquals(Assert.java:131)
	at org.testng.Assert.assertEquals(Assert.java:655)
	at org.testng.Assert.assertEquals(Assert.java:665)
	at com.employeeapi.testCases.TC005_DELETE_Employee.checkStatusLine(TC005_DELETE_Employee.java:63)
	at java.base/jdk.internal.reflect.NativeMethodAccessorImpl.invoke0(Native Method)
	at java.base/jdk.internal.reflect.NativeMethodAccessorImpl.invoke(NativeMethodAccessorImpl.java:62)
	at java.base/jdk.internal.reflect.DelegatingMethodAccessorImpl.invoke(DelegatingMethodAccessorImpl.java:43)
	at java.base/java.lang.reflect.Method.invoke(Method.java:564)
	at org.testng.internal.invokers.MethodInvocationHelper.invokeMethod(MethodInvocationHelper.java:139)
	at org.testng.internal.invokers.TestInvoker.invokeMethod(TestInvoker.java:677)
	at org.testng.internal.invokers.TestInvoker.invokeTestMethod(TestInvoker.java:221)
	at org.testng.internal.invokers.MethodRunner.runInSequence(MethodRunner.java:50)
	at org.testng.internal.invokers.TestInvoker$MethodInvocationAgent.invoke(TestInvoker.java:969)
	at org.testng.internal.invokers.TestInvoker.invokeTestMethods(TestInvoker.java:194)
	at org.testng.internal.invokers.TestMethodWorker.invokeTestMethods(TestMethodWorker.java:148)
	at org.testng.internal.invokers.TestMethodWorker.run(TestMethodWorker.java:128)
	at java.base/java.util.ArrayList.forEach(ArrayList.java:1511)
	at org.testng.TestRunner.privateRun(TestRunner.java:829)
	at org.testng.TestRunner.run(TestRunner.java:602)
	at org.testng.SuiteRunner.runTest(SuiteRunner.java:437)
	at org.testng.SuiteRunner.runSequentially(SuiteRunner.java:431)
	at org.testng.SuiteRunner.privateRun(SuiteRunner.java:391)
	at org.testng.SuiteRunner.run(SuiteRunner.java:330)
	at org.testng.SuiteRunnerWorker.runSuite(SuiteRunnerWorker.java:52)
	at org.testng.SuiteRunnerWorker.run(SuiteRunnerWorker.java:95)
	at org.testng.TestNG.runSuitesSequentially(TestNG.java:1256)
	at org.testng.TestNG.runSuitesLocally(TestNG.java:1176)
	at org.testng.TestNG.runSuites(TestNG.java:1099)
	at org.testng.TestNG.run(TestNG.java:1067)
	at org.apache.maven.surefire.testng.TestNGExecutor.run(TestNGExecutor.java:324)
	at org.apache.maven.surefire.testng.TestNGXmlTestSuite.execute(TestNGXmlTestSuite.java:74)
	at org.apache.maven.surefire.testng.TestNGProvider.invoke(TestNGProvider.java:123)
	at org.apache.maven.surefire.booter.ForkedBooter.runSuitesInProcess(ForkedBooter.java:456)
	at org.apache.maven.surefire.booter.ForkedBooter.execute(ForkedBooter.java:169)
	at org.apache.maven.surefire.booter.ForkedBooter.run(ForkedBooter.java:595)
	at org.apache.maven.surefire.booter.ForkedBooter.main(ForkedBooter.java:581)
]]></failure>
    <system-out><![CDATA[2022-12-19 14:29:45 INFO  EmployeeRestAPI:60 - Checking Status line
2022-12-19 14:29:45 INFO  EmployeeRestAPI:62 - Status line is HTTP/1.1 429 Too Many Requests
]]></system-out>
  </testcase>
  <testcase name="checkserverType" classname="com.employeeapi.testCases.TC005_DELETE_Employee" time="0.002">
    <system-out><![CDATA[2022-12-19 14:29:45 INFO  EmployeeRestAPI:78 - Checking server type
2022-12-19 14:29:45 INFO  EmployeeRestAPI:80 - Server type is Apache
]]></system-out>
  </testcase>
  <testcase name="contentLenght" classname="com.employeeapi.testCases.TC005_DELETE_Employee" time="0.002">
    <system-out><![CDATA[2022-12-19 14:29:45 INFO  EmployeeRestAPI:97 - Checking Content Lenght
2022-12-19 14:29:45 INFO  EmployeeRestAPI:99 - Content lenght is null
]]></system-out>
  </testcase>
  <testcase name="cookies" classname="com.employeeapi.testCases.TC005_DELETE_Employee" time="0.002">
    <system-out><![CDATA[2022-12-19 14:29:45 INFO  EmployeeRestAPI:106 - Checking cookies
]]></system-out>
  </testcase>
</testsuite>